11:49:56.632 [main] ERROR e.s.exception.RestExceptionHandler - Invalid filter key exception Invalid filter key: firstNamee
11:49:56.730 [main] INFO  e.s.c.CredentialsControllerTest - Starting CredentialsControllerTest using Java 17.0.6 with PID 14192 (started by user in /home/user/IdeaProjects/SENLA-courses)
11:49:56.730 [main] INFO  e.s.c.CredentialsControllerTest - No active profile set, falling back to 1 default profile: "default"
11:49:57.113 [main] INFO  e.s.c.CredentialsControllerTest - Started CredentialsControllerTest in 0.391 seconds (process running for 12.989)
11:49:57.135 [main] ERROR e.s.exception.RestExceptionHandler - AccessDeniedException occured. Access Denied
11:49:57.185 [main] ERROR e.s.exception.RestExceptionHandler - AccessDeniedException occured. Access Denied
11:49:57.209 [main] ERROR e.s.exception.RestExceptionHandler - AccessDeniedException occured. Access Denied
11:49:57.219 [main] ERROR e.s.exception.RestExceptionHandler - AccessDeniedException occured. Access Denied
11:49:57.260 [main] INFO  e.s.repository.OrderRepositoryTest - Starting OrderRepositoryTest using Java 17.0.6 with PID 14192 (started by user in /home/user/IdeaProjects/SENLA-courses)
11:49:57.260 [main] INFO  e.s.repository.OrderRepositoryTest - No active profile set, falling back to 1 default profile: "default"
11:49:57.638 [main] INFO  e.s.repository.OrderRepositoryTest - Started OrderRepositoryTest in 0.385 seconds (process running for 13.514)
11:49:57.753 [main] INFO  e.s.repository.ItemRepositoryTest - Starting ItemRepositoryTest using Java 17.0.6 with PID 14192 (started by user in /home/user/IdeaProjects/SENLA-courses)
11:49:57.753 [main] INFO  e.s.repository.ItemRepositoryTest - No active profile set, falling back to 1 default profile: "default"
11:49:58.093 [main] INFO  e.s.repository.ItemRepositoryTest - Started ItemRepositoryTest in 0.347 seconds (process running for 13.969)
11:53:38.154 [main] INFO  e.s.r.CategoryRepositoryTest - Starting CategoryRepositoryTest using Java 17.0.6 with PID 15285 (started by user in /home/user/IdeaProjects/SENLA-courses)
11:53:38.156 [main] INFO  e.s.r.CategoryRepositoryTest - No active profile set, falling back to 1 default profile: "default"
11:53:42.768 [main] INFO  e.s.r.CategoryRepositoryTest - Started CategoryRepositoryTest in 4.787 seconds (process running for 7.887)
11:53:43.068 [main] INFO  e.s.c.CategoryControllerTest - Starting CategoryControllerTest using Java 17.0.6 with PID 15285 (started by user in /home/user/IdeaProjects/SENLA-courses)
11:53:43.069 [main] INFO  e.s.c.CategoryControllerTest - No active profile set, falling back to 1 default profile: "default"
11:53:43.857 [main] INFO  e.s.c.CategoryControllerTest - Started CategoryControllerTest in 0.807 seconds (process running for 8.976)
11:53:44.191 [main] ERROR e.s.exception.RestExceptionHandler - Not Found Exception No category with ID 7000 was found
11:53:44.270 [main] ERROR e.s.exception.RestExceptionHandler - Invalid filter key exception Invalid filter key: firstNamee
11:53:44.293 [main] ERROR e.s.exception.RestExceptionHandler - AccessDeniedException occured. Access Denied
11:53:44.393 [main] ERROR e.s.exception.RestExceptionHandler - AccessDeniedException occured. Access Denied
11:53:44.416 [main] ERROR e.s.exception.RestExceptionHandler - AccessDeniedException occured. Access Denied
11:53:44.459 [main] ERROR e.s.exception.RestExceptionHandler - Not Found Exception No category with ID 500000 was found
11:53:44.650 [main] INFO  e.s.controller.OrderControllerTest - Starting OrderControllerTest using Java 17.0.6 with PID 15285 (started by user in /home/user/IdeaProjects/SENLA-courses)
11:53:44.650 [main] INFO  e.s.controller.OrderControllerTest - No active profile set, falling back to 1 default profile: "default"
11:53:45.374 [main] INFO  e.s.controller.OrderControllerTest - Started OrderControllerTest in 0.738 seconds (process running for 10.493)
11:53:45.398 [main] ERROR e.s.exception.RestExceptionHandler - AccessDeniedException occured. Access Denied
11:53:45.535 [main] ERROR e.s.exception.RestExceptionHandler - AccessDeniedException occured. Access Denied
11:53:45.683 [main] ERROR e.s.exception.RestExceptionHandler - Not Found Exception No order with ID 250 was found
11:53:45.698 [main] ERROR e.s.exception.RestExceptionHandler - AccessDeniedException occured. Access Denied
11:53:45.716 [main] ERROR e.s.exception.RestExceptionHandler - Invalid filter key exception Invalid filter key: firstNamee
11:53:45.732 [main] ERROR e.s.exception.RestExceptionHandler - Not Found Exception No order with  ID 500000 was found
11:53:45.762 [main] ERROR e.s.exception.RestExceptionHandler - InsufficientFundsException.Insufficient funds. The account does not have enough funds to process this order.
11:53:45.775 [main] ERROR e.s.exception.RestExceptionHandler - AccessDeniedException occured. Access Denied
11:53:45.874 [main] ERROR e.s.exception.RestExceptionHandler - Bad Request Exception Start DateTime cannot be later than end DateTime
11:53:45.891 [main] INFO  e.s.repository.AccountRepositoryTest - Starting AccountRepositoryTest using Java 17.0.6 with PID 15285 (started by user in /home/user/IdeaProjects/SENLA-courses)
11:53:45.891 [main] INFO  e.s.repository.AccountRepositoryTest - No active profile set, falling back to 1 default profile: "default"
11:53:46.447 [main] INFO  e.s.repository.AccountRepositoryTest - Started AccountRepositoryTest in 0.567 seconds (process running for 11.566)
11:53:46.627 [main] INFO  e.s.controller.AccountControllerTest - Starting AccountControllerTest using Java 17.0.6 with PID 15285 (started by user in /home/user/IdeaProjects/SENLA-courses)
11:53:46.628 [main] INFO  e.s.controller.AccountControllerTest - No active profile set, falling back to 1 default profile: "default"
11:53:47.063 [main] INFO  e.s.controller.AccountControllerTest - Started AccountControllerTest in 0.444 seconds (process running for 12.183)
11:53:47.109 [main] ERROR e.s.exception.RestExceptionHandler - Invalid filter key exception Invalid filter key: firstNamee
11:53:47.195 [main] ERROR e.s.exception.RestExceptionHandler - AccessDeniedException occured. Access Denied
11:53:47.211 [main] ERROR e.s.exception.RestExceptionHandler - AccessDeniedException occured. Access Denied
11:53:47.596 [main] ERROR e.s.exception.RestExceptionHandler - Not Found Exception No account with ID 500000 was found
11:53:47.609 [main] ERROR e.s.exception.RestExceptionHandler - AccessDeniedException occured. Access Denied
11:53:47.622 [main] ERROR e.s.exception.RestExceptionHandler - Not Found Exception No account with ID 1000000 was found
11:53:47.631 [main] ERROR e.s.exception.RestExceptionHandler - AccessDeniedException occured. Access Denied
11:53:47.656 [main] INFO  e.s.controller.ItemControllerTest - Starting ItemControllerTest using Java 17.0.6 with PID 15285 (started by user in /home/user/IdeaProjects/SENLA-courses)
11:53:47.656 [main] INFO  e.s.controller.ItemControllerTest - No active profile set, falling back to 1 default profile: "default"
11:53:47.977 [main] INFO  e.s.controller.ItemControllerTest - Started ItemControllerTest in 0.328 seconds (process running for 13.097)
11:53:47.994 [main] ERROR e.s.exception.RestExceptionHandler - Not Found Exception No item with ID 500000 was found
11:53:48.025 [main] ERROR e.s.exception.RestExceptionHandler - AccessDeniedException occured. Access Denied
11:53:48.036 [main] ERROR e.s.exception.RestExceptionHandler - AccessDeniedException occured. Access Denied
11:53:48.058 [main] ERROR e.s.exception.RestExceptionHandler - AccessDeniedException occured. Access Denied
11:53:48.070 [main] ERROR e.s.exception.RestExceptionHandler - Not Found Exception No item with ID 1000 was found
11:53:48.088 [main] ERROR e.s.exception.RestExceptionHandler - Invalid filter key exception Invalid filter key: firstNamee
11:53:48.201 [main] INFO  e.s.c.CredentialsControllerTest - Starting CredentialsControllerTest using Java 17.0.6 with PID 15285 (started by user in /home/user/IdeaProjects/SENLA-courses)
11:53:48.201 [main] INFO  e.s.c.CredentialsControllerTest - No active profile set, falling back to 1 default profile: "default"
11:53:48.605 [main] INFO  e.s.c.CredentialsControllerTest - Started CredentialsControllerTest in 0.415 seconds (process running for 13.724)
11:53:48.623 [main] ERROR e.s.exception.RestExceptionHandler - AccessDeniedException occured. Access Denied
11:53:48.674 [main] ERROR e.s.exception.RestExceptionHandler - AccessDeniedException occured. Access Denied
11:53:48.699 [main] ERROR e.s.exception.RestExceptionHandler - AccessDeniedException occured. Access Denied
11:53:48.711 [main] ERROR e.s.exception.RestExceptionHandler - AccessDeniedException occured. Access Denied
11:53:48.753 [main] INFO  e.s.repository.OrderRepositoryTest - Starting OrderRepositoryTest using Java 17.0.6 with PID 15285 (started by user in /home/user/IdeaProjects/SENLA-courses)
11:53:48.753 [main] INFO  e.s.repository.OrderRepositoryTest - No active profile set, falling back to 1 default profile: "default"
11:53:49.133 [main] INFO  e.s.repository.OrderRepositoryTest - Started OrderRepositoryTest in 0.388 seconds (process running for 14.252)
11:53:49.253 [main] INFO  e.s.repository.ItemRepositoryTest - Starting ItemRepositoryTest using Java 17.0.6 with PID 15285 (started by user in /home/user/IdeaProjects/SENLA-courses)
11:53:49.253 [main] INFO  e.s.repository.ItemRepositoryTest - No active profile set, falling back to 1 default profile: "default"
11:53:49.571 [main] INFO  e.s.repository.ItemRepositoryTest - Started ItemRepositoryTest in 0.324 seconds (process running for 14.69)
11:55:06.677 [main] INFO  e.s.r.CategoryRepositoryTest - Starting CategoryRepositoryTest using Java 17.0.6 with PID 16103 (started by user in /home/user/IdeaProjects/SENLA-courses)
11:55:06.678 [main] INFO  e.s.r.CategoryRepositoryTest - No active profile set, falling back to 1 default profile: "default"
11:55:10.323 [main] INFO  e.s.r.CategoryRepositoryTest - Started CategoryRepositoryTest in 3.832 seconds (process running for 7.066)
11:55:10.594 [main] INFO  e.s.c.CategoryControllerTest - Starting CategoryControllerTest using Java 17.0.6 with PID 16103 (started by user in /home/user/IdeaProjects/SENLA-courses)
11:55:10.595 [main] INFO  e.s.c.CategoryControllerTest - No active profile set, falling back to 1 default profile: "default"
11:55:11.395 [main] INFO  e.s.c.CategoryControllerTest - Started CategoryControllerTest in 0.82 seconds (process running for 8.138)
11:55:11.716 [main] ERROR e.s.exception.RestExceptionHandler - Not Found Exception No category with ID 7000 was found
11:55:11.806 [main] ERROR e.s.exception.RestExceptionHandler - Invalid filter key exception Invalid filter key: firstNamee
11:55:11.827 [main] ERROR e.s.exception.RestExceptionHandler - AccessDeniedException occured. Access Denied
11:55:11.926 [main] ERROR e.s.exception.RestExceptionHandler - AccessDeniedException occured. Access Denied
11:55:11.947 [main] ERROR e.s.exception.RestExceptionHandler - AccessDeniedException occured. Access Denied
11:55:11.994 [main] ERROR e.s.exception.RestExceptionHandler - Not Found Exception No category with ID 500000 was found
11:55:12.178 [main] INFO  e.s.controller.OrderControllerTest - Starting OrderControllerTest using Java 17.0.6 with PID 16103 (started by user in /home/user/IdeaProjects/SENLA-courses)
11:55:12.178 [main] INFO  e.s.controller.OrderControllerTest - No active profile set, falling back to 1 default profile: "default"
11:55:12.874 [main] INFO  e.s.controller.OrderControllerTest - Started OrderControllerTest in 0.71 seconds (process running for 9.617)
11:55:12.898 [main] ERROR e.s.exception.RestExceptionHandler - AccessDeniedException occured. Access Denied
11:55:13.034 [main] ERROR e.s.exception.RestExceptionHandler - AccessDeniedException occured. Access Denied
11:55:13.188 [main] ERROR e.s.exception.RestExceptionHandler - Not Found Exception No order with ID 250 was found
11:55:13.207 [main] ERROR e.s.exception.RestExceptionHandler - AccessDeniedException occured. Access Denied
11:55:13.227 [main] ERROR e.s.exception.RestExceptionHandler - Invalid filter key exception Invalid filter key: firstNamee
11:55:13.246 [main] ERROR e.s.exception.RestExceptionHandler - Not Found Exception No order with  ID 500000 was found
11:55:13.285 [main] ERROR e.s.exception.RestExceptionHandler - InsufficientFundsException.Insufficient funds. The account does not have enough funds to process this order.
11:55:13.300 [main] ERROR e.s.exception.RestExceptionHandler - AccessDeniedException occured. Access Denied
11:55:13.405 [main] ERROR e.s.exception.RestExceptionHandler - Bad Request Exception Start DateTime cannot be later than end DateTime
11:55:13.420 [main] INFO  e.s.repository.AccountRepositoryTest - Starting AccountRepositoryTest using Java 17.0.6 with PID 16103 (started by user in /home/user/IdeaProjects/SENLA-courses)
11:55:13.421 [main] INFO  e.s.repository.AccountRepositoryTest - No active profile set, falling back to 1 default profile: "default"
11:55:13.897 [main] INFO  e.s.repository.AccountRepositoryTest - Started AccountRepositoryTest in 0.486 seconds (process running for 10.64)
11:55:14.040 [main] INFO  e.s.controller.AccountControllerTest - Starting AccountControllerTest using Java 17.0.6 with PID 16103 (started by user in /home/user/IdeaProjects/SENLA-courses)
11:55:14.040 [main] INFO  e.s.controller.AccountControllerTest - No active profile set, falling back to 1 default profile: "default"
11:55:14.590 [main] INFO  e.s.controller.AccountControllerTest - Started AccountControllerTest in 0.558 seconds (process running for 11.333)
11:55:14.629 [main] ERROR e.s.exception.RestExceptionHandler - Invalid filter key exception Invalid filter key: firstNamee
11:55:14.723 [main] ERROR e.s.exception.RestExceptionHandler - AccessDeniedException occured. Access Denied
11:55:14.739 [main] ERROR e.s.exception.RestExceptionHandler - AccessDeniedException occured. Access Denied
11:55:15.131 [main] ERROR e.s.exception.RestExceptionHandler - Not Found Exception No account with ID 500000 was found
11:55:15.144 [main] ERROR e.s.exception.RestExceptionHandler - AccessDeniedException occured. Access Denied
11:55:15.156 [main] ERROR e.s.exception.RestExceptionHandler - Not Found Exception No account with ID 1000000 was found
11:55:15.165 [main] ERROR e.s.exception.RestExceptionHandler - AccessDeniedException occured. Access Denied
11:55:15.196 [main] INFO  e.s.controller.ItemControllerTest - Starting ItemControllerTest using Java 17.0.6 with PID 16103 (started by user in /home/user/IdeaProjects/SENLA-courses)
11:55:15.196 [main] INFO  e.s.controller.ItemControllerTest - No active profile set, falling back to 1 default profile: "default"
11:55:15.546 [main] INFO  e.s.controller.ItemControllerTest - Started ItemControllerTest in 0.358 seconds (process running for 12.289)
11:55:15.560 [main] ERROR e.s.exception.RestExceptionHandler - Not Found Exception No item with ID 500000 was found
11:55:15.590 [main] ERROR e.s.exception.RestExceptionHandler - AccessDeniedException occured. Access Denied
11:55:15.602 [main] ERROR e.s.exception.RestExceptionHandler - AccessDeniedException occured. Access Denied
11:55:15.625 [main] ERROR e.s.exception.RestExceptionHandler - AccessDeniedException occured. Access Denied
11:55:15.636 [main] ERROR e.s.exception.RestExceptionHandler - Not Found Exception No item with ID 1000 was found
11:55:15.651 [main] ERROR e.s.exception.RestExceptionHandler - Invalid filter key exception Invalid filter key: firstNamee
11:55:15.754 [main] INFO  e.s.c.CredentialsControllerTest - Starting CredentialsControllerTest using Java 17.0.6 with PID 16103 (started by user in /home/user/IdeaProjects/SENLA-courses)
11:55:15.754 [main] INFO  e.s.c.CredentialsControllerTest - No active profile set, falling back to 1 default profile: "default"
11:55:16.132 [main] INFO  e.s.c.CredentialsControllerTest - Started CredentialsControllerTest in 0.385 seconds (process running for 12.875)
11:55:16.149 [main] ERROR e.s.exception.RestExceptionHandler - AccessDeniedException occured. Access Denied
11:55:16.197 [main] ERROR e.s.exception.RestExceptionHandler - AccessDeniedException occured. Access Denied
11:55:16.219 [main] ERROR e.s.exception.RestExceptionHandler - AccessDeniedException occured. Access Denied
11:55:16.229 [main] ERROR e.s.exception.RestExceptionHandler - AccessDeniedException occured. Access Denied
11:55:16.268 [main] INFO  e.s.repository.OrderRepositoryTest - Starting OrderRepositoryTest using Java 17.0.6 with PID 16103 (started by user in /home/user/IdeaProjects/SENLA-courses)
11:55:16.268 [main] INFO  e.s.repository.OrderRepositoryTest - No active profile set, falling back to 1 default profile: "default"
11:55:16.650 [main] INFO  e.s.repository.OrderRepositoryTest - Started OrderRepositoryTest in 0.39 seconds (process running for 13.393)
11:55:16.786 [main] INFO  e.s.repository.ItemRepositoryTest - Starting ItemRepositoryTest using Java 17.0.6 with PID 16103 (started by user in /home/user/IdeaProjects/SENLA-courses)
11:55:16.787 [main] INFO  e.s.repository.ItemRepositoryTest - No active profile set, falling back to 1 default profile: "default"
11:55:17.163 [main] INFO  e.s.repository.ItemRepositoryTest - Started ItemRepositoryTest in 0.386 seconds (process running for 13.906)
12:02:46.328 [main] INFO  e.s.r.CategoryRepositoryTest - Starting CategoryRepositoryTest using Java 17.0.6 with PID 18159 (started by user in /home/user/IdeaProjects/SENLA-courses)
12:02:46.329 [main] INFO  e.s.r.CategoryRepositoryTest - No active profile set, falling back to 1 default profile: "default"
12:02:50.354 [main] INFO  e.s.r.CategoryRepositoryTest - Started CategoryRepositoryTest in 4.174 seconds (process running for 7.394)
12:02:50.628 [main] INFO  e.s.c.CategoryControllerTest - Starting CategoryControllerTest using Java 17.0.6 with PID 18159 (started by user in /home/user/IdeaProjects/SENLA-courses)
12:02:50.629 [main] INFO  e.s.c.CategoryControllerTest - No active profile set, falling back to 1 default profile: "default"
12:02:51.426 [main] INFO  e.s.c.CategoryControllerTest - Started CategoryControllerTest in 0.823 seconds (process running for 8.466)
12:02:51.757 [main] ERROR e.s.exception.RestExceptionHandler - Not Found Exception No category with ID 7000 was found
12:02:51.843 [main] ERROR e.s.exception.RestExceptionHandler - Invalid filter key exception Invalid filter key: firstNamee
12:02:51.873 [main] ERROR e.s.exception.RestExceptionHandler - AccessDeniedException occured. Access Denied
12:02:51.968 [main] ERROR e.s.exception.RestExceptionHandler - AccessDeniedException occured. Access Denied
12:02:51.994 [main] ERROR e.s.exception.RestExceptionHandler - AccessDeniedException occured. Access Denied
12:02:52.051 [main] ERROR e.s.exception.RestExceptionHandler - Not Found Exception No category with ID 500000 was found
12:02:52.242 [main] INFO  e.s.controller.OrderControllerTest - Starting OrderControllerTest using Java 17.0.6 with PID 18159 (started by user in /home/user/IdeaProjects/SENLA-courses)
12:02:52.242 [main] INFO  e.s.controller.OrderControllerTest - No active profile set, falling back to 1 default profile: "default"
12:02:52.931 [main] INFO  e.s.controller.OrderControllerTest - Started OrderControllerTest in 0.701 seconds (process running for 9.97)
12:02:52.954 [main] ERROR e.s.exception.RestExceptionHandler - AccessDeniedException occured. Access Denied
12:02:53.090 [main] ERROR e.s.exception.RestExceptionHandler - AccessDeniedException occured. Access Denied
12:02:53.249 [main] ERROR e.s.exception.RestExceptionHandler - Not Found Exception No order with ID 250 was found
12:02:53.268 [main] ERROR e.s.exception.RestExceptionHandler - AccessDeniedException occured. Access Denied
12:02:53.285 [main] ERROR e.s.exception.RestExceptionHandler - Invalid filter key exception Invalid filter key: firstNamee
12:02:53.303 [main] ERROR e.s.exception.RestExceptionHandler - Not Found Exception No order with  ID 500000 was found
12:02:53.340 [main] ERROR e.s.exception.RestExceptionHandler - InsufficientFundsException.Insufficient funds. The account does not have enough funds to process this order.
12:02:53.354 [main] ERROR e.s.exception.RestExceptionHandler - AccessDeniedException occured. Access Denied
12:02:53.449 [main] ERROR e.s.exception.RestExceptionHandler - Bad Request Exception Start DateTime cannot be later than end DateTime
12:02:53.466 [main] INFO  e.s.repository.AccountRepositoryTest - Starting AccountRepositoryTest using Java 17.0.6 with PID 18159 (started by user in /home/user/IdeaProjects/SENLA-courses)
12:02:53.466 [main] INFO  e.s.repository.AccountRepositoryTest - No active profile set, falling back to 1 default profile: "default"
12:02:54.112 [main] INFO  e.s.repository.AccountRepositoryTest - Started AccountRepositoryTest in 0.656 seconds (process running for 11.152)
12:02:54.315 [main] INFO  e.s.controller.AccountControllerTest - Starting AccountControllerTest using Java 17.0.6 with PID 18159 (started by user in /home/user/IdeaProjects/SENLA-courses)
12:02:54.315 [main] INFO  e.s.controller.AccountControllerTest - No active profile set, falling back to 1 default profile: "default"
12:02:54.816 [main] INFO  e.s.controller.AccountControllerTest - Started AccountControllerTest in 0.512 seconds (process running for 11.856)
12:02:54.860 [main] ERROR e.s.exception.RestExceptionHandler - Invalid filter key exception Invalid filter key: firstNamee
12:02:54.952 [main] ERROR e.s.exception.RestExceptionHandler - AccessDeniedException occured. Access Denied
12:02:54.965 [main] ERROR e.s.exception.RestExceptionHandler - AccessDeniedException occured. Access Denied
12:02:55.332 [main] ERROR e.s.exception.RestExceptionHandler - Not Found Exception No account with ID 500000 was found
12:02:55.342 [main] ERROR e.s.exception.RestExceptionHandler - AccessDeniedException occured. Access Denied
12:02:55.352 [main] ERROR e.s.exception.RestExceptionHandler - Not Found Exception No account with ID 1000000 was found
12:02:55.361 [main] ERROR e.s.exception.RestExceptionHandler - AccessDeniedException occured. Access Denied
12:02:55.388 [main] INFO  e.s.controller.ItemControllerTest - Starting ItemControllerTest using Java 17.0.6 with PID 18159 (started by user in /home/user/IdeaProjects/SENLA-courses)
12:02:55.388 [main] INFO  e.s.controller.ItemControllerTest - No active profile set, falling back to 1 default profile: "default"
12:02:55.747 [main] INFOR e.s.exception.RestExceptionHandler - AccessDeniedException occured. Access Denied
12:02:56.406 [main] ERROR e.s.exception.RestExceptionHandler - AccessDeniedException occured. Access Denied
12:02:56.444 [main] INFO  e.s.repository.OrderRepositoryTest - Starting OrderRepositoryTest using Java 17.0.6 with PID 18159 (started by user in /home/user/IdeaProjects/SENLA-courses)
12:02:56.444 [main] INFO  e.s.repository.OrderRepositoryTest - No active profile set, falling back to 1 default profile: "default"
12:02:56.790 [main] INFO  e.s.repository.OrderRepositoryTest - Started OrderRepositoryTest in 0.353 seconds (process running for 13.829)
12:02:56.898 [main] INFO  e.s.repository.ItemRepositoryTest - Starting ItemRepositoryTest using Java 17.0.6 with PID 18159 (started by user in /home/user/IdeaProjects/SENLA-courses)
12:02:56.898 [main] INFO  e.s.repository.ItemRepositoryTest - No active profile set, falling back to 1 default profile: "default"
12:02:57.214 [main] INFO  e.s.repository.ItemRepositoryTest - Started ItemRepositoryTest in 0.322 seconds (process running for 14.253)
12:03:33.223 [main] INFO  e.s.r.CategoryRepositoryTest - Starting CategoryRepositoryTest using Java 17.0.6 with PID 18950 (started by user in /home/user/IdeaProjects/SENLA-courses)
12:03:33.224 [main] INFO  e.s.r.CategoryRepositoryTest - No active profile set, falling back to 1 default profile: "default"
12:03:36.858 [main] INFO  e.s.r.CategoryRepositoryTest - Started CategoryRepositoryTest in 3.801 seconds (process running for 6.971)
12:03:37.122 [main] INFO  e.s.c.CategoryControllerTest - Starting CategoryControllerTest using Java 17.0.6 with PID 18950 (started by user in /home/user/IdeaProjects/SENLA-courses)
12:03:37.122 [main] INFO  e.s.c.CategoryControllerTest - No active profile set, falling back to 1 default profile: "default"
12:03:37.950 [main] INFO  e.s.c.CategoryControllerTest - Started CategoryControllerTest in 0.845 seconds (process running for 8.063)
12:03:38.257 [main] ERROR e.s.exception.RestExceptionHandler - Not Found Exception No category with ID 7000 was found
12:03:38.340 [main] ERROR e.s.exception.RestExceptionHandler - Invalid filter key exception Invalid filter key: firstNamee
12:03:38.371 [main] ERROR e.s.exception.RestExceptionHandler - AccessDeniedException occured. Access Denied
12:03:38.495 [main] ERROR e.s.exception.RestExceptionHandler - AccessDeniedException occured. Access Denied
12:03:38.524 [main] ERROR e.s.exception.RestExceptionHandler - AccessDeniedException occured. Access Denied
12:03:38.589 [main] ERROR e.s.exception.RestExceptionHandler - Not Found Exception No category with ID 500000 was found
12:03:38.782 [main] INFO  e.s.controller.OrderControllerTest - Starting OrderControllerTest using Java 17.0.6 with PID 18950 (started by user in /home/user/IdeaProjects/SENLA-courses)
12:03:38.783 [main] INFO  e.s.controller.OrderControllerTest - No active profile set, falling back to 1 default profile: "default"
12:03:39.514 [main] INFO  e.s.controller.OrderControllerTest - Started OrderControllerTest in 0.746 seconds (process running for 9.627)
12:03:39.542 [main] ERROR e.s.exception.RestExceptionHandler - AccessDeniedException occured. Access Denied
12:03:39.679 [main] ERROR e.s.exception.RestExceptionHandler - AccessDeniedException occured. Access Denied
12:03:39.815 [main] ERROR e.s.exception.RestExceptionHandler - Not Found Exception No order with ID 250 was found
12:03:39.834 [main] ERROR e.s.exception.RestExceptionHandler - AccessDeniedException occured. Access Denied
12:03:39.852 [main] ERROR e.s.exception.RestExceptionHandler - Invalid filter key exception Invalid filter key: firstNamee
12:03:39.867 [main] ERROR e.s.exception.RestExceptionHandler - Not Found Exception No order with  ID 500000 was found
12:03:39.903 [main] ERROR e.s.exception.RestExceptionHandler - InsufficientFundsException.Insufficient funds. The account does not have enough funds to process this order.
12:03:39.918 [main] ERROR e.s.exception.RestExceptionHandler - AccessDeniedException occured. Access Denied
12:03:40.029 [main] ERROR e.s.exception.RestExceptionHandler - Bad Request Exception Start DateTime cannot be later than end DateTime
12:03:40.043 [main] INFO  e.s.repository.AccountRepositoryTest - Starting AccountRepositoryTest using Java 17.0.6 with PID 18950 (started by user in /home/user/IdeaProjects/SENLA-courses)
12:03:40.044 [main] INFO  e.s.repository.AccountRepositoryTest - No active profile set, falling back to 1 default profile: "default"
12:03:40.589 [main] INFO  e.s.repository.AccountRepositoryTest - Started AccountRepositoryTest in 0.554 seconds (process running for 10.702)
12:03:40.804 [main] INFO  e.s.controller.AccountControllerTest - Starting AccountControllerTest using Java 17.0.6 with PID 18950 (started by user in /home/user/IdeaProjects/SENLA-courses)
12:03:40.804 [main] INFO  e.s.controller.AccountControllerTest - No active profile set, falling back to 1 default profile: "default"
12:03:41.338 [main] INFO  e.s.controller.AccountControllerTest - Started AccountControllerTest in 0.548 seconds (process running for 11.451)
12:03:41.378 [main] ERROR e.s.exception.RestExceptionHandler - Invalid filter key exception Invalid filter key: firstNamee
12:03:41.465 [main] ERROR e.s.exception.RestExceptionHandler - AccessDeniedException occured. Access Denied
12:03:41.478 [main] ERROR e.s.exception.RestExceptionHandler - AccessDeniedException occured. Access Denied
12:03:41.862 [main] ERROR e.s.exception.RestExceptionHandler - Not Found Exception No account with ID 500000 was found
12:03:41.873 [main] ERROR e.s.exception.RestExceptionHandler - AccessDeniedException occured. Access Denied
12:03:41.883 [main] ERROR e.s.exception.RestExceptionHandler - Not Found Exception No account with ID 1000000 was found
12:03:41.892 [main] ERROR e.s.exception.RestExceptionHandler - AccessDeniedException occured. Access Denied
12:03:41.923 [main] INFO  e.s.controller.ItemControllerTest - Starting ItemControllerTest using Java 17.0.6 with PID 18950 (started by user in /home/user/IdeaProjects/SENLA-courses)
12:03:41.923 [main] INFO  e.s.controller.ItemControllerTest - No active profile set, falling back to 1 default profile: "default"
12:03:42.302 [main] INFO  e.s.controller.ItemControllerTest - Started ItemControllerTest in 0.385 seconds (process running for 12.415)
12:03:42.319 [main] ERROR e.s.exception.RestExceptionHandler - Not Found Exception No item with ID 500000 was found
12:03:42.355 [main] ERROR e.s.exception.RestExceptionHandler - AccessDeniedException occured. Access Denied
12:03:42.369 [main] ERROR e.s.exception.RestExceptionHandler - AccessDeniedException occured. Access Denied
12:03:42.393 [main] ERROR e.s.exception.RestExceptionHandler - AccessDeniedException occured. Access Denied
12:03:42.404 [main] ERROR e.s.exception.RestExceptionHandler - Not Found Exception No item with ID 1000 was found
12:03:42.422 [main] ERROR e.s.exception.RestExceptionHandler - Invalid filter key exception Invalid filter key: firstNamee
12:03:42.533 [main] INFO  e.s.c.CredentialsControllerTest - Starting CredentialsControllerTest using Java 17.0.6 with PID 18950 (started by user in /home/user/IdeaProjects/SENLA-courses)
12:03:42.534 [main] INFO  e.s.c.CredentialsControllerTest - No active profile set, falling back to 1 default profile: "default"
12:03:42.943 [main] INFO  e.s.c.CredentialsControllerTest - Started CredentialsControllerTest in 0.419 seconds (process running for 13.056)
12:03:42.966 [main] ERROR e.s.exception.RestExceptionHandler - AccessDeniedException occured. Access Denied
12:03:43.013 [main] ERROR e.s.exception.RestExceptionHandler - AccessDeniedException occured. Access Denied
12:03:43.034 [main] ERROR e.s.exception.RestExceptionHandler - AccessDeniedException occured. Access Denied
12:03:43.045 [main] ERROR e.s.exception.RestExceptionHandler - AccessDeniedException occured. Access Denied
12:03:43.085 [main] INFO  e.s.repository.OrderRepositoryTest - Starting OrderRepositoryTest using Java 17.0.6 with PID 18950 (started by user in /home/user/IdeaProjects/SENLA-courses)
12:03:43.085 [main] INFO  e.s.repository.OrderRepositoryTest - No active profile set, falling back to 1 default profile: "default"
12:03:43.486 [main] INFO  e.s.repository.OrderRepositoryTest - Started OrderRepositoryTest in 0.409 seconds (process running for 13.6)
12:03:43.625 [main] INFO  e.s.repository.ItemRepositoryTest - Starting ItemRepositoryTest using Java 17.0.6 with PID 18950 (started by user in /home/user/IdeaProjects/SENLA-courses)
12:03:43.625 [main] INFO  e.s.repository.ItemRepositoryTest - No active profile set, falling back to 1 default profile: "default"
12:03:43.972 [main] INFO  e.s.repository.ItemRepositoryTest - Started ItemRepositoryTest in 0.355 seconds (process running for 14.086)
12:04:02.644 [main] INFO  e.s.r.CategoryRepositoryTest - Starting CategoryRepositoryTest using Java 17.0.6 with PID 19687 (started by user in /home/user/IdeaProjects/SENLA-courses)
12:04:02.645 [main] INFO  e.s.r.CategoryRepositoryTest - No active profile set, falling back to 1 default profile: "default"
12:04:06.564 [main] INFO  e.s.r.CategoryRepositoryTest - Started CategoryRepositoryTest in 4.115 seconds (process running for 7.305)
12:04:06.794 [main] INFO  e.s.c.CategoryControllerTest - Starting CategoryControllerTest using Java 17.0.6 with PID 19687 (started by user in /home/user/IdeaProjects/SENLA-courses)
12:04:06.794 [main] INFO  e.s.c.CategoryControllerTest - No active profile set, falling back to 1 default profile: "default"
12:04:07.581 [main] INFO  e.s.c.CategoryControllerTest - Started CategoryControllerTest in 0.806 seconds (process running for 8.322)
12:04:07.959 [main] ERROR e.s.exception.RestExceptionHandler - Not Found Exception No category with ID 7000 was found
12:04:08.045 [main] ERROR e.s.exception.RestExceptionHandler - Invalid filter key exception Invalid filter key: firstNamee
12:04:08.068 [main] ERROR e.s.exception.RestExceptionHandler - AccessDeniedException occured. Access Denied
12:04:08.174 [main] ERROR e.s.exception.RestExceptionHandler - AccessDeniedException occured. Access Denied
12:04:08.193 [main] ERROR e.s.exception.RestExceptionHandler - AccessDeniedException occured. Access Denied
12:04:08.237 [main] ERROR e.s.exception.RestExceptionHandler - Not Found Exception No category with ID 500000 was found
12:04:08.441 [main] INFO  e.s.controller.OrderControllerTest - Starting OrderControllerTest using Java 17.0.6 with PID 19687 (started by user in /home/user/IdeaProjects/SENLA-courses)
12:04:08.441 [main] INFO  e.s.controller.OrderControllerTest - No active profile set, falling back to 1 default profile: "default"
12:04:09.189 [main] INFO  e.s.controller.OrderControllerTest - Started OrderControllerTest in 0.763 seconds (process running for 9.93)
12:04:09.217 [main] ERROR e.s.exception.RestExceptionHandler - AccessDeniedException occured. Access Denied
12:04:09.342 [main] ERROR e.s.exception.RestExceptionHandler - AccessDeniedException occured. Access Denied
12:04:09.481 [main] ERROR e.s.exception.RestExceptionHandler - Not Found Exception No order with ID 250 was found
12:04:09.502 [main] ERROR e.s.exception.RestExceptionHandler - AccessDeniedException occured. Access Denied
12:04:09.518 [main] ERROR e.s.exception.RestExceptionHandler - Invalid filter key exception Invalid filter key: firstNamee
12:04:09.536 [main] ERROR e.s.exception.RestExceptionHandler - Not Found Exception No order with  ID 500000 was found
12:04:09.572 [main] ERROR e.s.exception.RestExceptionHandler - InsufficientFundsException.Insufficient funds. The account does not have enough funds to process this order.
12:04:09.585 [main] ERROR e.s.exception.RestExceptionHandler - AccessDeniedException occured. Access Denied
12:04:09.686 [main] ERROR e.s.exception.RestExceptionHandler - Bad Request Exception Start DateTime cannot be later than end DateTime
12:04:09.704 [main] INFO  e.s.repository.AccountRepositoryTest - Starting AccountRepositoryTest using Java 17.0.6 with PID 19687 (started by user in /home/user/IdeaProjects/SENLA-courses)
12:04:09.704 [main] INFO  e.s.repository.AccountRepositoryTest - No active profile set, falling back to 1 default profile: "default"
12:04:10.266 [main] INFO  e.s.repository.AccountRepositoryTest - Started AccountRepositoryTest in 0.574 seconds (process running for 11.007)
12:04:10.459 [main] INFO  e.s.controller.AccountControllerTest - Starting AccountControllerTest using Java 17.0.6 with PID 19687 (started by user in /home/user/IdeaProjects/SENLA-courses)
12:04:10.459 [main] INFO  e.s.controller.AccountControllerTest - No active profile set, falling back to 1 default profile: "default"
12:04:10.950 [main] INFO  e.s.controller.AccountControllerTest - Started AccountControllerTest in 0.501 seconds (process running for 11.69)
12:04:10.989 [main] ERROR e.s.exception.RestExceptionHandler - Invalid filter key exception Invalid filter key: firstNamee
12:04:11.083 [main] ERROR e.s.exception.RestExceptionHandler - AccessDeniedException occured. Access Denied
12:04:11.096 [main] ERROR e.s.exception.RestExceptionHandler - AccessDeniedException occured. Access Denied
12:04:11.482 [main] ERROR e.s.exception.RestExceptionHandler - Not Found Exception No account with ID 500000 was found
12:04:11.492 [main] ERROR e.s.exception.RestExceptionHandler - AccessDeniedException occured. Access Denied
12:04:11.502 [main] ERROR e.s.exception.RestExceptionHandler - Not Found Exception No account with ID 1000000 was found
12:04:11.512 [main] ERROR e.s.exception.RestExceptionHandler - AccessDeniedException occured. Access Denied
12:04:11.541 [main] INFO  e.s.controller.ItemControllerTest - Starting ItemControllerTest using Java 17.0.6 with PID 19687 (started by user in /home/user/IdeaProjects/SENLA-courses)
12:04:11.542 [main] INFO  e.s.controller.ItemControllerTest - No active profile set, falling back to 1 default profile: "default"
12:04:11.929 [main] INFO  e.s.controller.ItemControllerTest - Started ItemControllerTest in 0.395 seconds (process running for 12.67)
12:04:11.942 [main] ERROR e.s.exception.RestExceptionHandler - Not Found Exception No item with ID 500000 was found
12:04:11.969 [main] ERROR e.s.exception.RestExceptionHandler - AccessDeniedException occured. Access Denied
12:04:11.981 [main] ERROR e.s.exception.RestExceptionHandler - AccessDeniedException occured. Access Denied
12:04:12.003 [main] ERROR e.s.exception.RestExceptionHandler - AccessDeniedException occured. Access Denied
12:04:12.013 [main] ERROR e.s.exception.RestExceptionHandler - Not Found Exception No item with ID 1000 was found
12:04:12.029 [main] ERROR e.s.exception.RestExceptionHandler - Invalid filter key exception Invalid filter key: firstNamee
12:04:12.127 [main] INFO  e.s.c.CredentialsControllerTest - Starting CredentialsControllerTest using Java 17.0.6 with PID 19687 (started by user in /home/user/IdeaProjects/SENLA-courses)
12:04:12.128 [main] INFO  e.s.c.CredentialsControllerTest - No active profile set, falling back to 1 default profile: "default"
12:04:12.549 [main] INFO  e.s.c.CredentialsControllerTest - Started CredentialsControllerTest in 0.429 seconds (process running for 13.29)
12:04:12.569 [main] ERROR e.s.exception.RestExceptionHandler - AccessDeniedException occured. Access Denied
12:04:12.624 [main] ERROR e.s.exception.RestExceptionHandler - AccessDeniedException occured. Access Denied
12:04:12.646 [main] ERROR e.s.exception.RestExceptionHandler - AccessDeniedException occured. Access Denied
12:04:12.657 [main] ERROR e.s.exception.RestExceptionHandler - AccessDeniedException occured. Access Denied
12:04:12.699 [main] INFO  e.s.repository.OrderRepositoryTest - Starting OrderRepositoryTest using Java 17.0.6 with PID 19687 (started by user in /home/user/IdeaProjects/SENLA-courses)
12:04:12.700 [main] INFO  e.s.repository.OrderRepositoryTest - No active profile set, falling back to 1 default profile: "default"
12:04:13.078 [main] INFO  e.s.repository.OrderRepositoryTest - Started OrderRepositoryTest in 0.385 seconds (process running for 13.819)
12:04:13.217 [main] INFO  e.s.repository.ItemRepositoryTest - Starting ItemRepositoryTest using Java 17.0.6 with PID 19687 (started by user in /home/user/IdeaProjects/SENLA-courses)
12:04:13.217 [main] INFO  e.s.repository.ItemRepositoryTest - No active profile set, falling back to 1 default profile: "default"
12:04:13.556 [main] INFO  e.s.repository.ItemRepositoryTest - Started ItemRepositoryTest in 0.346 seconds (process running for 14.296)
12:18:13.300 [main] INFO  e.s.repository.OrderRepositoryTest - Starting OrderRepositoryTest using Java 17.0.6 with PID 21282 (started by user in /home/user/IdeaProjects/SENLA-courses)
12:18:13.302 [main] INFO  e.s.repository.OrderRepositoryTest - No active profile set, falling back to 1 default profile: "default"
12:18:17.289 [main] INFO  e.s.repository.OrderRepositoryTest - Started OrderRepositoryTest in 4.147 seconds (process running for 7.43)
12:18:17.650 [main] INFO  e.s.r.CategoryRepositoryTest - Starting CategoryRepositoryTest using Java 17.0.6 with PID 21282 (started by user in /home/user/IdeaProjects/SENLA-courses)
12:18:17.650 [main] INFO  e.s.r.CategoryRepositoryTest - No active profile set, falling back to 1 default profile: "default"
12:18:18.413 [main] INFO  e.s.r.CategoryRepositoryTest - Started CategoryRepositoryTest in 0.779 seconds (process running for 8.554)
12:18:18.577 [main] INFO  e.s.repository.ItemRepositoryTest - Starting ItemRepositoryTest using Java 17.0.6 with PID 21282 (started by user in /home/user/IdeaProjects/SENLA-courses)
12:18:18.578 [main] INFO  e.s.repository.ItemRepositoryTest - No active profile set, falling back to 1 default profile: "default"
12:18:19.294 [main] INFO  e.s.repository.ItemRepositoryTest - Started ItemRepositoryTest in 0.738 seconds (process running for 9.435)
12:18:19.428 [main] INFO  e.s.repository.AccountRepositoryTest - Starting AccountRepositoryTest using Java 17.0.6 with PID 21282 (started by user in /home/user/IdeaProjects/SENLA-courses)
12:18:19.428 [main] INFO  e.s.repository.AccountRepositoryTest - No active profile set, falling back to 1 default profile: "default"
12:18:20.070 [main] INFO  e.s.repository.AccountRepositoryTest - Started AccountRepositoryTest in 0.654 seconds (process running for 10.211)
12:18:20.287 [main] INFO  e.s.c.CategoryControllerTest - Starting CategoryControllerTest using Java 17.0.6 with PID 21282 (started by user in /home/user/IdeaProjects/SENLA-courses)
12:18:20.287 [main] INFO  e.s.c.CategoryControllerTest - No active profile set, falling back to 1 default profile: "default"
12:18:20.770 [main] INFO  e.s.c.CategoryControllerTest - Started CategoryControllerTest in 0.496 seconds (process running for 10.911)
12:18:21.015 [main] ERROR e.s.exception.RestExceptionHandler - Not Found Exception No category with ID 7000 was found
12:18:21.080 [main] ERROR e.s.exception.RestExceptionHandler - Invalid filter key exception Invalid filter key: firstNamee
12:18:21.103 [main] ERROR e.s.exception.RestExceptionHandler - AccessDeniedException occured. Access Denied
12:18:21.190 [main] ERROR e.s.exception.RestExceptionHandler - AccessDeniedException occured. Access Denied
12:18:21.209 [main] ERROR e.s.exception.RestExceptionHandler - AccessDeniedException occured. Access Denied
12:18:21.254 [main] ERROR e.s.exception.RestExceptionHandler - Not Found Exception No category with ID 500000 was found
12:18:21.300 [main] INFO  e.s.controller.ItemControllerTest - Starting ItemControllerTest using Java 17.0.6 with PID 21282 (started by user in /home/user/IdeaProjects/SENLA-courses)
12:18:21.300 [main] INFO  e.s.controller.ItemControllerTest - No active profile set, falling back to 1 default profile: "default"
12:18:21.882 [main] INFO  e.s.controller.ItemControllerTest - Started ItemControllerTest in 0.594 seconds (process running for 12.023)
12:18:21.899 [main] ERROR e.s.exception.RestExceptionHandler - Not Found Exception No item with ID 500000 was found
12:18:21.946 [main] ERROR e.s.exception.RestExceptionHandler - AccessDeniedException occured. Access Denied
12:18:21.962 [main] ERROR e.s.exception.RestExceptionHandler - AccessDeniedException occured. Access Denied
12:18:21.997 [main] ERROR e.s.exception.RestExceptionHandler - AccessDeniedException occured. Access Denied
12:18:22.012 [main] ERROR e.s.exception.RestExceptionHandler - Not Found Exception No item with ID 1000 was found
12:18:22.033 [main] ERROR e.s.exception.RestExceptionHandler - Invalid filter key exception Invalid filter key: firstNamee
12:18:22.175 [main] INFO  e.s.controller.OrderControllerTest - Starting OrderControllerTest using Java 17.0.6 with PID 21282 (started   e.s.controller.ItemControllerTest - Started ItemControllerTest in 0.365 seconds (process running for 12.786)
12:02:55.761 [main] ERROR e.s.exception.RestExceptionHandler - Not Found Exception No item with ID 500000 was found
12:02:55.789 [main] ERROR e.s.exception.RestExceptionHandler - AccessDeniedException occured. Access Denied
12:02:55.800 [main] ERROR e.s.exception.RestExceptionHandler - AccessDeniedException occured. Access Denied
12:02:55.822 [main] ERROR e.s.exception.RestExceptionHandler - AccessDeniedException occured. Access Denied
12:02:55.832 [main] ERROR e.s.exception.RestExceptionHandler - Not Found Exception No item with ID 1000 was found
12:02:55.849 [main] ERROR e.s.exception.RestExceptionHandler - Invalid filter key exception Invalid filter key: firstNamee
12:02:55.951 [main] INFO  e.s.c.CredentialsControllerTest - Starting CredentialsControllerTest using Java 17.0.6 with PID 18159 (started by user in /home/user/IdeaProjects/SENLA-courses)
12:02:55.951 [main] INFO  e.s.c.CredentialsControllerTest - No active profile set, falling back to 1 default profile: "default"
12:02:56.309 [main] INFO  e.s.c.CredentialsControllerTest - Started CredentialsControllerTest in 0.365 seconds (process running for 13.348)
12:02:56.326 [main] ERROR e.s.exception.RestExceptionHandler - AccessDeniedException occured. Access Denied
12:02:56.377 [main] ERROR e.s.exception.RestExceptionHandler - AccessDeniedException occured. Access Denied
12:02:56.397 [main] ERROR e.s.exception.RestExceptionHandler - AccessDeniedException occured. Access Denied
12:02:56.406 [main] ERROR e.s.exception.RestExceptionHandler - AccessDeniedException occured. Access Denied
12:02:56.444 [main] INFO  e.s.repository.OrderRepositoryTest - Starting OrderRepositoryTest using Java 17.0.6 with PID 18159 (started by user in /home/user/IdeaProjects/SENLA-courses)
12:02:56.444 [main] INFO  e.s.repository.OrderRepositoryTest - No active profile set, falling back to 1 default profile: "default"
12:02:56.790 [main] INFO  e.s.repository.OrderRepositoryTest - Started OrderRepositoryTest in 0.353 seconds (process running for 13.829)
12:02:56.898 [main] INFO  e.s.repository.ItemRepositoryTest - Starting ItemRepositoryTest using Java 17.0.6 with PID 18159 (started by user in /home/user/IdeaProjects/SENLA-courses)
12:02:56.898 [main] INFO  e.s.repository.ItemRepositoryTest - No active profile set, falling back to 1 default profile: "default"
12:02:57.214 [main] INFO  e.s.repository.ItemRepositoryTest - Started ItemRepositoryTest in 0.322 seconds (process running for 14.253)
12:03:33.223 [main] INFO  e.s.r.CategoryRepositoryTest - Starting CategoryRepositoryTest using Java 17.0.6 with PID 18950 (started by user in /home/user/IdeaProjects/SENLA-courses)
12:03:33.224 [main] INFO  e.s.r.CategoryRepositoryTest - No active profile set, falling back to 1 default profile: "default"
12:03:36.858 [main] INFO  e.s.r.CategoryRepositoryTest - Started CategoryRepositoryTest in 3.801 seconds (process running for 6.971)
12:03:37.122 [main] INFO  e.s.c.CategoryControllerTest - Starting CategoryControllerTest using Java 17.0.6 with PID 18950 (started by user in /home/user/IdeaProjects/SENLA-courses)
12:03:37.122 [main] INFO  e.s.c.CategoryControllerTest - No active profile set, falling back to 1 default profile: "default"
12:03:37.950 [main] INFO  e.s.c.CategoryControllerTest - Started CategoryControllerTest in 0.845 seconds (process running for 8.063)
12:03:38.257 [main] ERROR e.s.exception.RestExceptionHandler - Not Found Exception No category with ID 7000 was found
12:03:38.340 [main] ERROR e.s.exception.RestExceptionHandler - Invalid filter key exception Invalid filter key: firstNamee
12:03:38.371 [main] ERROR e.s.exception.RestExceptionHandler - AccessDeniedException occured. Access Denied
12:03:38.495 [main] ERROR e.s.exception.RestExceptionHandler - AccessDeniedException occured. Access Denied
12:03:38.524 [main] ERROR e.s.exception.RestExceptionHandler - AccessDeniedException occured. Access Denied
12:03:38.589 [main] ERROR e.s.exception.RestExceptionHandler - Not Found Exception No category with ID 500000 was found
12:03:38.782 [main] INFO  e.s.controller.OrderControllerTest - Starting OrderControllerTest using Java 17.0.6 with PID 18950 (started by user in /home/user/IdeaProjects/SENLA-courses)
12:03:38.783 [main] INFO  e.s.controller.OrderControllerTest - No active profile set, falling back to 1 default profile: "default"
12:03:39.514 [main] INFO  e.s.controller.OrderControllerTest - Started OrderControllerTest in 0.746 seconds (process running for 9.627)
12:03:39.542 [main] ERROR e.s.exception.RestExceptionHandler - AccessDeniedException occured. Access Denied
12:03:39.679 [main] ERROR e.s.exception.RestExceptionHandler - AccessDeniedException occured. Access Denied
12:03:39.815 [main] ERROR e.s.exception.RestExceptionHandler - Not Found Exception No order with ID 250 was found
12:03:39.834 [main] ERROR e.s.exception.RestExceptionHandler - AccessDeniedException occured. Access Denied
12:03:39.852 [main] ERROR e.s.exception.RestExceptionHandler - Invalid filter key exception Invalid filter key: firstNamee
12:03:39.867 [main] ERROR e.s.exception.RestExceptionHandler - Not Found Exception No order with  ID 500000 was found
12:03:39.903 [main] ERROR e.s.exception.RestExceptionHandler - InsufficientFundsException.Insufficient funds. The account does not have enough funds to process this order.
12:03:39.918 [main] ERROR e.s.exception.RestExceptionHandler - AccessDeniedException occured. Access Denied
12:03:40.029 [main] ERROR e.s.exception.RestExceptionHandler - Bad Request Exception Start DateTime cannot be later than end DateTime
12:03:40.043 [main] INFO  e.s.repository.AccountRepositoryTest - Starting AccountRepositoryTest using Java 17.0.6 with PID 18950 (started by user in /home/user/IdeaProjects/SENLA-courses)
12:03:40.044 [main] INFO  e.s.repository.AccountRepositoryTest - No active profile set, falling back to 1 default profile: "default"
12:03:40.589 [main] INFO  e.s.repository.AccountRepositoryTest - Started AccountRepositoryTest in 0.554 seconds (process running for 10.702)
12:03:40.804 [main] INFO  e.s.controller.AccountControllerTest - Starting AccountControllerTest using Java 17.0.6 with PID 18950 (started by user in /home/user/IdeaProjects/SENLA-courses)
12:03:40.804 [main] INFO  e.s.controller.AccountControllerTest - No active profile set, falling back to 1 default profile: "default"
12:03:41.338 [main] INFO  e.s.controller.AccountControllerTest - Started AccountControllerTest in 0.548 seconds (process running for 11.451)
12:03:41.378 [main] ERROR e.s.exception.RestExceptionHandler - Invalid filter key exception Invalid filter key: firstNamee
12:03:41.465 [main] ERROR e.s.exception.RestExceptionHandler - AccessDeniedException occured. Access Denied
12:03:41.478 [main] ERROR e.s.exception.RestExceptionHandler - AccessDeniedException occured. Access Denied
12:03:41.862 [main] ERROR e.s.exception.RestExceptionHandler - Not Found Exception No account with ID 500000 was found
12:03:41.873 [main] ERROR e.s.exception.RestExceptionHandler - AccessDeniedException occured. Access Denied
12:03:41.883 [main] ERROR e.s.exception.RestExceptionHandler - Not Found Exception No account with ID 1000000 was found
12:03:41.892 [main] ERROR e.s.exception.RestExceptionHandler - AccessDeniedException occured. Access Denied
12:03:41.923 [main] INFO  e.s.controller.ItemControllerTest - Starting ItemControllerTest using Java 17.0.6 with PID 18950 (started by user in /home/user/IdeaProjects/SENLA-courses)
12:03:41.923 [main] INFO  e.s.controller.ItemControllerTest - No active profile set, falling back to 1 default profile: "default"
12:03:42.302 [main] INFO  e.s.controller.ItemControllerTest - Started ItemControllerTest in 0.385 seconds (process running for 12.415)
12:03:42.319 [main] ERROR e.s.exception.RestExceptionHandler - Not Found Exception No item with ID 500000 was found
12:03:42.355 [main] ERROR e.s.exception.RestExceptionHandler - AccessDeniedException occured. Access Denied
12:03:42.369 [main] ERROR e.s.exception.RestExceptionHandler - AccessDeniedException occured. Access Denied
12:03:42.393 [main] ERROR e.s.exception.RestExceptionHandler - AccessDeniedException occured. Access Denied
12:03:42.404 [main] ERROR e.s.exception.RestExceptionHandler - Not Found Exception No item with ID 1000 was found
12:03:42.422 [main] ERROR e.s.exception.RestExceptionHandler - Invalid filter key exception Invalid filter key: firstNamee
12:03:42.533 [main] INFO  e.s.c.CredentialsControllerTest - Starting CredentialsControllerTest using Java 17.0.6 with PID 18950 (started by user in /home/user/IdeaProjects/SENLA-courses)
12:03:42.534 [main] INFO  e.s.c.CredentialsControllerTest - No active profile set, falling back to 1 default profile: "default"
12:03:42.943 [main] INFO  e.s.c.CredentialsControllerTest - Started CredentialsControllerTest in 0.419 seconds (process running for 13.056)
12:03:42.966 [main] ERROR e.s.exception.RestExceptionHandler - AccessDeniedException occured. Access Denied
12:03:43.013 [main] ERROR e.s.exception.RestExceptionHandler - AccessDeniedException occured. Access Denied
12:03:43.034 [main] ERROR e.s.exception.RestExceptionHandler - AccessDeniedException occured. Access Denied
12:03:43.045 [main] ERROR e.s.exception.RestExceptionHandler - AccessDeniedException occured. Access Denied
12:03:43.085 [main] INFO  e.s.repository.OrderRepositoryTest - Starting OrderRepositoryTest using Java 17.0.6 with PID 18950 (started by user in /home/user/IdeaProjects/SENLA-courses)
12:03:43.085 [main] INFO  e.s.repository.OrderRepositoryTest - No active profile set, falling back to 1 default profile: "default"
12:03:43.486 [main] INFO  e.s.repository.OrderRepositoryTest - Started OrderRepositoryTest in 0.409 seconds (process running for 13.6)
12:03:43.625 [main] INFO  e.s.repository.ItemRepositoryTest - Starting ItemRepositoryTest using Java 17.0.6 with PID 18950 (started by user in /home/user/IdeaProjects/SENLA-courses)
12:03:43.625 [main] INFO  e.s.repository.ItemRepositoryTest - No active profile set, falling back to 1 default profile: "default"
12:03:43.972 [main] INFO  e.s.repository.ItemRepositoryTest - Started ItemRepositoryTest in 0.355 seconds (process running for 14.086)
12:04:02.644 [main] INFO  e.s.r.CategoryRepositoryTest - Starting CategoryRepositoryTest using Java 17.0.6 with PID 19687 (started by user in /home/user/IdeaProjects/SENLA-courses)
12:04:02.645 [main] INFO  e.s.r.CategoryRepositoryTest - No active profile set, falling back to 1 default profile: "default"
12:04:06.564 [main] INFO  e.s.r.CategoryRepositoryTest - Started CategoryRepositoryTest in 4.115 seconds (process running for 7.305)
12:04:06.794 [main] INFO  e.s.c.CategoryControllerTest - Starting CategoryControllerTest using Java 17.0.6 with PID 19687 (started by user in /home/user/IdeaProjects/SENLA-courses)
12:04:06.794 [main] INFO  e.s.c.CategoryControllerTest - No active profile set, falling back to 1 default profile: "default"
12:04:07.581 [main] INFO  e.s.c.CategoryControllerTest - Started CategoryControllerTest in 0.806 seconds (process running for 8.322)
12:04:07.959 [main] ERROR e.s.exception.RestExceptionHandler - Not Found Exception No category with ID 7000 was found
12:04:08.045 [main] ERROR e.s.exception.RestExceptionHandler - Invalid filter key exception Invalid filter key: firstNamee
12:04:08.068 [main] ERROR e.s.exception.RestExceptionHandler - AccessDeniedException occured. Access Denied
12:04:08.174 [main] ERROR e.s.exception.RestExceptionHandler - AccessDeniedException occured. Access Denied
12:04:08.193 [main] ERROR e.s.exception.RestExceptionHandler - AccessDeniedException occured. Access Denied
12:04:08.237 [main] ERROR e.s.exception.RestExceptionHandler - Not Found Exception No category with ID 500000 was found
12:04:08.441 [main] INFO  e.s.controller.OrderControllerTest - Starting OrderControllerTest using Java 17.0.6 with PID 19687 (started by user in /home/user/IdeaProjects/SENLA-courses)
12:04:08.441 [main] INFO  e.s.controller.OrderControllerTest - No active profile set, falling back to 1 default profile: "default"
12:04:09.189 [main] INFO  e.s.controller.OrderControllerTest - Started OrderControllerTest in 0.763 seconds (process running for 9.93)
12:04:09.217 [main] ERROR e.s.exception.RestExceptionHandler - AccessDeniedException occured. Access Denied
12:04:09.342 [main] ERROR e.s.exception.RestExceptionHandler - AccessDeniedException occured. Access Denied
12:04:09.481 [main] ERROR e.s.exception.RestExceptionHandler - Not Found Exception No order with ID 250 was found
12:04:09.502 [main] ERROR e.s.exception.RestExceptionHandler - AccessDeniedException occured. Access Denied
12:04:09.518 [main] ERROR e.s.exception.RestExceptionHandler - Invalid filter key exception Invalid filter key: firstNamee
12:04:09.536 [main] ERROR e.s.exception.RestExceptionHandler - Not Found Exception No order with  ID 500000 was found
12:04:09.572 [main] ERROR e.s.exception.RestExceptionHandler - InsufficientFundsException.Insufficient funds. The account does not have enough funds to process this order.
12:04:09.585 [main] ERROR e.s.exception.RestExceptionHandler - AccessDeniedException occured. Access Denied
12:04:09.686 [main] ERROR e.s.exception.RestExceptionHandler - Bad Request Exception Start DateTime cannot be later than end DateTime
12:04:09.704 [main] INFO  e.s.repository.AccountRepositoryTest - Starting AccountRepositoryTest using Java 17.0.6 with PID 19687 (started by user in /home/user/IdeaProjects/SENLA-courses)
12:04:09.704 [main] INFO  e.s.repository.AccountRepositoryTest - No active profile set, falling back to 1 default profile: "default"
12:04:10.266 [main] INFO  e.s.repository.AccountRepositoryTest - Started AccountRepositoryTest in 0.574 seconds (process running for 11.007)
12:04:10.459 [main] INFO  e.s.controller.AccountControllerTest - Starting AccountControllerTest using Java 17.0.6 with PID 19687 (started by user in /home/user/IdeaProjects/SENLA-courses)
12:04:10.459 [main] INFO  e.s.controller.AccountControllerTest - No active profile set, falling back to 1 default profile: "default"
12:04:10.950 [main] INFO  e.s.controller.AccountControllerTest - Started AccountControllerTest in 0.501 seconds (process running for 11.69)
12:04:10.989 [main] ERROR e.s.exception.RestExceptionHandler - Invalid filter key exception Invalid filter key: firstNamee
12:04:11.083 [main] ERROR e.s.exception.RestExceptionHandler - AccessDeniedException occured. Access Denied
12:04:11.096 [main] ERROR e.s.exception.RestExceptionHandler - AccessDeniedException occured. Access Denied
12:04:11.482 [main] ERROR e.s.exception.RestExceptionHandler - Not Found Exception No account with ID 500000 was found
12:04:11.492 [main] ERROR e.s.exception.RestExceptionHandler - AccessDeniedException occured. Access Denied
12:04:11.502 [main] ERROR e.s.exception.RestExceptionHandler - Not Found Exception No account with ID 1000000 was found
12:04:11.512 [main] ERROR e.s.exception.RestExceptionHandler - AccessDeniedException occured. Access Denied
12:04:11.541 [main] INFO  e.s.controller.ItemControllerTest - Starting ItemControllerTest using Java 17.0.6 with PID 19687 (started by user in /home/user/IdeaProjects/SENLA-courses)
12:04:11.542 [main] INFO  e.s.controller.ItemControllerTest - No active profile set, falling back to 1 default profile: "default"
12:04:11.929 [main] INFO  e.s.controller.ItemControllerTest - Started ItemControllerTest in 0.395 seconds (process running for 12.67)
12:04:11.942 [main] ERROR e.s.exception.RestExceptionHandler - Not Found Exception No item with ID 500000 was found
12:04:11.969 [main] ERROR e.s.exception.RestExceptionHandler - AccessDeniedException occured. Access Denied
12:04:11.981 [main] ERROR e.s.exception.RestExceptionHandler - AccessDeniedException occured. Access Denied
12:04:12.003 [main] ERROR e.s.exception.RestExceptionHandler - AccessDeniedException occured. Access Denied
12:04:12.013 [main] ERROR e.s.exception.RestExceptionHandler - Not Found Exception No item with ID 1000 was found
12:04:12.029 [main] ERROR e.s.exception.RestExceptionHandler - Invalid filter key exception Invalid filter key: firstNamee
12:04:12.127 [main] INFO  e.s.c.CredentialsControllerTest - Starting CredentialsControllerTest using Java 17.0.6 with PID 19687 (started by user in /home/user/IdeaProjects/SENLA-courses)
12:04:12.128 [main] INFO  e.s.c.CredentialsControllerTest - No active profile set, falling back to 1 default profile: "default"
12:04:12.549 [main] INFO  e.s.c.CredentialsControllerTest - Started CredentialsControllerTest in 0.429 seconds (process running for 13.29)
12:04:12.569 [main] ERROR e.s.exception.RestExceptionHandler - AccessDeniedException occured. Access Denied
12:04:12.624 [main] ERROR e.s.exception.RestExceptionHandler - AccessDeniedException occured. Access Denied
12:04:12.646 [main] ERROR e.s.exception.RestExceptionHandler - AccessDeniedException occured. Access Denied
12:04:12.657 [main] ERROR e.s.exception.RestExceptionHandler - AccessDeniedException occured. Access Denied
12:04:12.699 [main] INFO  e.s.repository.OrderRepositoryTest - Starting OrderRepositoryTest using Java 17.0.6 with PID 19687 (started by user in /home/user/IdeaProjects/SENLA-courses)
12:04:12.700 [main] INFO  e.s.repository.OrderRepositoryTest - No active profile set, falling back to 1 default profile: "default"
12:04:13.078 [main] INFO  e.s.repository.OrderRepositoryTest - Started OrderRepositoryTest in 0.385 seconds (process running for 13.819)
12:04:13.217 [main] INFO  e.s.repository.ItemRepositoryTest - Starting ItemRepositoryTest using Java 17.0.6 with PID 19687 (started by user in /home/user/IdeaProjects/SENLA-courses)
12:04:13.217 [main] INFO  e.s.repository.ItemRepositoryTest - No active profile set, falling back to 1 default profile: "default"
12:04:13.556 [main] INFO  e.s.repository.ItemRepositoryTest - Started ItemRepositoryTest in 0.346 seconds (process running for 14.296)
12:18:13.300 [main] INFO  e.s.repository.OrderRepositoryTest - Starting OrderRepositoryTest using Java 17.0.6 with PID 21282 (started by user in /home/user/IdeaProjects/SENLA-courses)
12:18:13.302 [main] INFO  e.s.repository.OrderRepositoryTest - No active profile set, falling back to 1 default profile: "default"
12:18:17.289 [main] INFO  e.s.repository.OrderRepositoryTest - Started OrderRepositoryTest in 4.147 seconds (process running for 7.43)
12:18:17.650 [main] INFO  e.s.r.CategoryRepositoryTest - Starting CategoryRepositoryTest using Java 17.0.6 with PID 21282 (started by user in /home/user/IdeaProjects/SENLA-courses)
12:18:17.650 [main] INFO  e.s.r.CategoryRepositoryTest - No active profile set, falling back to 1 default profile: "default"
12:18:18.413 [main] INFO  e.s.r.CategoryRepositoryTest - Started CategoryRepositoryTest in 0.779 seconds (process running for 8.554)
12:18:18.577 [main] INFO  e.s.repository.ItemRepositoryTest - Starting ItemRepositoryTest using Java 17.0.6 with PID 21282 (started by user in /home/user/IdeaProjects/SENLA-courses)
12:18:18.578 [main] INFO  e.s.repository.ItemRepositoryTest - No active profile set, falling back to 1 default profile: "default"
12:18:19.294 [main] INFO  e.s.repository.ItemRepositoryTest - Started ItemRepositoryTest in 0.738 seconds (process running for 9.435)
12:18:19.428 [main] INFO  e.s.repository.AccountRepositoryTest - Starting AccountRepositoryTest using Java 17.0.6 with PID 21282 (started by user in /home/user/IdeaProjects/SENLA-courses)
12:18:19.428 [main] INFO  e.s.repository.AccountRepositoryTest - No active profile set, falling back to 1 default profile: "default"
12:18:20.070 [main] INFO  e.s.repository.AccountRepositoryTest - Started AccountRepositoryTest in 0.654 seconds (process running for 10.211)
12:18:20.287 [main] INFO  e.s.c.CategoryControllerTest - Starting CategoryControllerTest using Java 17.0.6 with PID 21282 (started by user in /home/user/IdeaProjects/SENLA-courses)
12:18:20.287 [main] INFO  e.s.c.CategoryControllerTest - No active profile set, falling back to 1 default profile: "default"
12:18:20.770 [main] INFO  e.s.c.CategoryControllerTest - Started CategoryControllerTest in 0.496 seconds (process running for 10.911)
12:18:21.015 [main] ERROR e.s.exception.RestExceptionHandler - Not Found Exception No category with ID 7000 was found
12:18:21.080 [main] ERROR e.s.exception.RestExceptionHandler - Invalid filter key exception Invalid filter key: firstNamee
12:18:21.103 [main] ERROR e.s.exception.RestExceptionHandler - AccessDeniedException occured. Access Denied
12:18:21.190 [main] ERROR e.s.exception.RestExceptionHandler - AccessDeniedException occured. Access Denied
12:18:21.209 [main] ERROR e.s.exception.RestExceptionHandler - AccessDeniedException occured. Access Denied
12:18:21.254 [main] ERROR e.s.exception.RestExceptionHandler - Not Found Exception No category with ID 500000 was found
12:18:21.300 [main] INFO  e.s.controller.ItemControllerTest - Starting ItemControllerTest using Java 17.0.6 with PID 21282 (started by user in /home/user/IdeaProjects/SENLA-courses)
12:18:21.300 [main] INFO  e.s.controller.ItemControllerTest - No active profile set, falling back to 1 default profile: "default"
12:18:21.882 [main] INFO  e.s.controller.ItemControllerTest - Started ItemControllerTest in 0.594 seconds (process running for 12.023)
12:18:21.899 [main] ERROR e.s.exception.RestExceptionHandler - Not Found Exception No item with ID 500000 was found
12:18:21.946 [main] ERROR e.s.exception.RestExceptionHandler - AccessDeniedException occured. Access Denied
12:18:21.962 [main] ERROR e.s.exception.RestExceptionHandler - AccessDeniedException occured. Access Denied
12:18:21.997 [main] ERROR e.s.exception.RestExceptionHandler - AccessDeniedException occured. Access Denied
12:18:22.012 [main] ERROR e.s.exception.RestExceptionHandler - Not Found Exception No item with ID 1000 was found
12:18:22.033 [main] ERROR e.s.exception.RestExceptionHandler - Invalid filter key exception Invalid filter key: firstNamee
12:18:22.175 [main] INFO  e.s.controller.OrderControllerTest - Starting OrderControllerTest using Java 17.0.6 with PID 21282 (started by user in /home/user/IdeaProjects/SENLA-courses)
12:18:22.175 [main] INFO  e.s.controller.OrderControllerTest - No active profile set, falling back to 1 default profile: "default"
12:18:22.615 [main] INFO  e.s.controller.OrderControllerTest - Started OrderControllerTest in 0.45 seconds (process running for 12.756)
12:18:22.630 [main] ERROR e.s.exception.RestExceptionHandler - AccessDeniedException occured. Access Denied
12:18:22.706 [main] ERROR e.s.exception.RestExceptionHandler - AccessDeniedException occured. Access Denied
12:18:22.821 [main] ERROR e.s.exception.RestExceptionHandler - Not Found Exception No order with ID 250 was found
12:18:22.835 [main] ERROR e.s.exception.RestExceptionHandler - AccessDeniedException occured. Access Denied
12:18:22.848 [main] ERROR e.s.exception.RestExceptionHandler - Invalid filter key exception Invalid filter key: firstNamee
12:18:22.861 [main] ERROR e.s.exception.RestExceptionHandler - Not Found Exception No order with  ID 500000 was found
12:18:22.891 [main] ERROR e.s.exception.RestExceptionHandler - InsufficientFundsException.Insufficient funds. The account does not have enough funds to process this order.
12:18:22.902 [main] ERROR e.s.exception.RestExceptionHandler - AccessDeniedException occured. Access Denied
12:18:23.000 [main] ERROR e.s.exception.RestExceptionHandler - Bad Request Exception Start DateTime cannot be later than end DateTime
12:18:23.019 [main] INFO  e.s.c.CredentialsControllerTest - Starting CredentialsControllerTest using Java 17.0.6 with PID 21282 (started by user in /home/user/IdeaProjects/SENLA-courses)
12:18:23.019 [main] INFO  e.s.c.CredentialsControllerTest - No active profile set, falling back to 1 default profile: "default"
12:18:23.415 [main] INFO  e.s.c.CredentialsControllerTest - Started CredentialsControllerTest in 0.404 seconds (process running for 13.555)
12:18:23.437 [main] ERROR e.s.exception.RestExceptionHandler - AccessDeniedException occured. Access Denied
12:18:23.490 [main] ERROR e.s.exception.RestExceptionHandler - AccessDeniedException occured. Access Denied
12:18:23.519 [main] ERROR e.s.exception.RestExceptionHandler - AccessDeniedException occured. Access Denied
12:18:23.537 [main] ERROR e.s.exception.RestExceptionHandler - AccessDeniedException occured. Access Denied
12:18:23.596 [main] INFO  e.s.controller.AccountControllerTest - Starting AccountControllerTest using Java 17.0.6 with PID 21282 (started by user in /home/user/IdeaProjects/SENLA-courses)
12:18:23.596 [main] INFO  e.s.controller.AccountControllerTest - No active profile set, falling back to 1 default profile: "default"
12:18:23.957 [main] INFO  e.s.controller.AccountControllerTest - Started AccountControllerTest in 0.37 seconds (process running for 14.097)
12:18:24.002 [main] ERROR e.s.exception.RestExceptionHandler - Invalid filter key exception Invalid filter key: firstNamee
12:18:24.097 [main] ERROR e.s.exception.RestExceptionHandler - AccessDeniedException occured. Access Denied
12:18:24.107 [main] ERROR e.s.exception.RestExceptionHandler - AccessDeniedException occured. Access Denied
12:18:24.458 [main] ERROR e.s.exception.RestExceptionHandler - Not Found Exception No account with ID 500000 was found
12:18:24.467 [main] ERROR e.s.exception.RestExceptionHandler - AccessDeniedException occured. Access Denied
12:18:24.477 [main] ERROR e.s.exception.RestExceptionHandler - Not Found Exception No account with ID 1000000 was found
12:18:24.484 [main] ERROR e.s.exception.RestExceptionHandler - AccessDeniedException occured. Access Denied
13:31:19.259 [main] INFO  eu.senla.RentalApplication - Starting RentalApplication using Java 17.0.6 with PID 40086 (/home/user/IdeaProjects/SENLA-courses/target/classes started by user in /home/user/IdeaProjects/SENLA-courses)
13:31:19.262 [main] INFO  eu.senla.RentalApplication - No active profile set, falling back to 1 default profile: "default"
13:32:02.090 [main] INFO  eu.senla.RentalApplication - Starting RentalApplication using Java 17.0.6 with PID 40384 (/home/user/IdeaProjects/SENLA-courses/target/classes started by user in /home/user/IdeaProjects/SENLA-courses)
13:32:02.092 [main] INFO  eu.senla.RentalApplication - No active profile set, falling back to 1 default profile: "default"
13:32:22.250 [main] INFO  eu.senla.RentalApplication - Starting RentalApplication using Java 17.0.6 with PID 40682 (/home/user/IdeaProjects/SENLA-courses/target/classes started by user in /home/user/IdeaProjects/SENLA-courses)
13:32:22.251 [main] INFO  eu.senla.RentalApplication - No active profile set, falling back to 1 default profile: "default"
13:32:27.289 [main] INFO  eu.senla.RentalApplication - Started RentalApplication in 5.302 seconds (process running for 5.612)
13:32:30.358 [http-nio-8080-exec-1] INFO  e.s.u.logging.RequestLoggingFilter - Request: POST http://localhost:8080/auth/login
13:32:31.334 [http-nio-8080-exec-1] ERROR e.s.exception.RestExceptionHandler - Authentication Exception Bad credentials
13:32:31.342 [http-nio-8080-exec-1] INFO  e.s.u.logging.ResponseLoggingFilter - Response body: Login failed. Invalid username or password.
13:33:18.047 [http-nio-8080-exec-3] INFO  e.s.u.logging.RequestLoggingFilter - Request: POST http://localhost:8080/auth/login
13:33:18.311 [http-nio-8080-exec-3] INFO  e.s.u.logging.ResponseLoggingFilter - Response body: {"username":"sleepwalker","token":"eyJhbGciOiJIUzI1NiJ9.eyJzdWIiOiJzbGVlcHdhbGtlciIsInJvbGUiOiJBRE1JTiIsImlkIjoxLCJpYXQiOjE2ODM3MTQ3OTgsImV4cCI6MTY4MzcyMDc5OH0.J2rsTeeI5PM3hD3l0RqQ_E7NhK31Yw5CoSR8_WL3YdI"}
13:35:06.138 [main] INFO  eu.senla.RentalApplication - Starting RentalApplication using Java 17.0.6 with PID 41832 (/home/user/IdeaProjects/SENLA-courses/target/classes started by user in /home/user/IdeaProjects/SENLA-courses)
13:35:06.139 [main] INFO  eu.senla.RentalApplication - No active profile set, falling back to 1 default profile: "default"
13:35:15.344 [main] INFO  eu.senla.RentalApplication - Starting RentalApplication using Java 17.0.6 with PID 41982 (/home/user/IdeaProjects/SENLA-courses/target/classes started by user in /home/user/IdeaProjects/SENLA-courses)
13:35:15.346 [main] INFO  eu.senla.RentalApplication - No active profile set, falling back to 1 default profile: "default"
13:35:19.436 [main] INFO  eu.senla.RentalApplication - Started RentalApplication in 4.394 seconds (process running for 4.689)
13:35:23.590 [http-nio-8080-exec-2] INFO  e.s.u.logging.RequestLoggingFilter - Request: POST http://localhost:8080/auth/login
13:35:24.183 [http-nio-8080-exec-2] INFO  e.s.u.logging.ResponseLoggingFilter - Response body: {"username":"sleepwalker","token":"eyJhbGciOiJIUzI1NiJ9.eyJzdWIiOiJzbGVlcHdhbGtlciIsInJvbGUiOiJBRE1JTiIsImlkIjoxLCJpYXQiOjE2ODM3MTQ5MjQsImV4cCI6MTY4MzcyMDkyNH0.CeW_YNDJ81sAXKGX3wuz6UDT__G3b_xDTBYMf1L8ev4"}
13:55:38.046 [main] INFO  e.s.repository.OrderRepositoryTest - Starting OrderRepositoryTest using Java 17.0.6 with PID 47815 (started by user in /home/user/IdeaProjects/SENLA-courses)
13:55:38.047 [main] INFO  e.s.repository.OrderRepositoryTest - No active profile set, falling back to 1 default profile: "default"
13:55:41.977 [main] INFO  e.s.repository.OrderRepositoryTest - Started OrderRepositoryTest in 4.105 seconds (process running for 7.398)
13:55:42.357 [main] INFO  e.s.r.CategoryRepositoryTest - Starting CategoryRepositoryTest using Java 17.0.6 with PID 47815 (started by user in /home/user/IdeaProjects/SENLA-courses)
13:55:42.357 [main] INFO  e.s.r.CategoryRepositoryTest - No active profile set, falling back to 1 default profile: "default"
13:55:43.177 [main] INFO  e.s.r.CategoryRepositoryTest - Started CategoryRepositoryTest in 0.836 seconds (process running for 8.598)
13:55:43.343 [main] INFO  e.s.repository.ItemRepositoryTest - Starting ItemRepositoryTest using Java 17.0.6 with PID 47815 (started by user in /home/user/IdeaProjects/SENLA-courses)
13:55:43.343 [main] INFO  e.s.repository.ItemRepositoryTest - No active profile set, falling back to 1 default profile: "default"
13:55:44.098 [main] INFO  e.s.repository.ItemRepositoryTest - Started ItemRepositoryTest in 0.775 seconds (process running for 9.519)
13:55:44.254 [main] INFO  e.s.repository.AccountRepositoryTest - Starting AccountRepositoryTest using Java 17.0.6 with PID 47815 (started by user in /home/user/IdeaProjects/SENLA-courses)
13:55:44.254 [main] INFO  e.s.repository.AccountRepositoryTest - No active profile set, falling back to 1 default profile: "default"
13:55:44.835 [main] INFO  e.s.repository.AccountRepositoryTest - Started AccountRepositoryTest in 0.6 seconds (process running for 10.256)
13:55:45.003 [main] INFO  e.s.c.CategoryControllerTest - Starting CategoryControllerTest using Java 17.0.6 with PID 47815 (started by user in /home/user/IdeaProjects/SENLA-courses)
13:55:45.003 [main] INFO  e.s.c.CategoryControllerTest - No active profile set, falling back to 1 default profile: "default"
13:55:45.497 [main] INFO  e.s.c.CategoryControllerTest - Started CategoryControllerTest in 0.504 seconds (process running for 10.918)
13:55:45.746 [main] ERROR e.s.exception.RestExceptionHandler - Not Found Exception No category with ID 7000 was found
13:55:45.810 [main] ERROR e.s.exception.RestExceptionHandler - Invalid filter key exception Invalid filter key: firstNamee
13:55:45.831 [main] ERROR e.s.exception.RestExceptionHandler - AccessDeniedException occured. Access Denied
13:55:45.921 [main] ERROR e.s.exception.RestExceptionHandler - AccessDeniedException occured. Access Denied
13:55:45.941 [main] ERROR e.s.exception.RestExceptionHandler - AccessDeniedException occured. Access Denied
13:55:45.987 [main] ERROR e.s.exception.RestExceptionHandler - Not Found Exception No category with ID 500000 was found
13:55:46.038 [main] INFO  e.s.controller.ItemControllerTest - Starting ItemControllerTest using Java 17.0.6 with PID 47815 (started by user in /home/user/IdeaProjects/SENLA-courses)
13:55:46.039 [main] INFO  e.s.controller.ItemControllerTest - No active profile set, falling back to 1 default profile: "default"
13:55:46.540 [main] INFO  e.s.controller.ItemControllerTest - Started ItemControllerTest in 0.512 seconds (process running for 11.961)
13:55:46.559 [main] ERROR e.s.exception.RestExceptionHandler - Not Found Exception No item with ID 500000 was found
13:55:46.605 [main] ERROR e.s.exception.RestExceptionHandler - AccessDeniedException occured. Access Denied
13:55:46.624 [main] ERROR e.s.exception.RestExceptionHandler - AccessDeniedException occured. Access Denied
13:55:46.660 [main] ERROR e.s.exception.RestExceptionHandler - AccessDeniedException occured. Access Denied
13:55:46.673 [main] ERROR e.s.exception.RestExceptionHandler - Not Found Exception No item with ID 1000 was found
13:55:46.697 [main] ERROR e.s.exception.RestExceptionHandler - Invalid filter key exception Invalid filter key: firstNamee
13:55:46.826 [main] INFO  e.s.controller.OrderControllerTest - Starting OrderControllerTest using Java 17.0.6 with PID 47815 (started by user in /home/user/IdeaProjects/SENLA-courses)
13:55:46.826 [main] INFO  e.s.controller.OrderControllerTest - No active profile set, falling back to 1 default profile: "default"
13:55:47.286 [main] INFO  e.s.controller.OrderControllerTest - Started OrderControllerTest in 0.467 seconds (process running for 12.707)
13:55:47.302 [main] ERROR e.s.exception.RestExceptionHandler - AccessDeniedException occured. Access Denied
13:55:47.387 [main] ERROR e.s.exception.RestExceptionHandler - AccessDeniedException occured. Access Denied
13:55:47.488 [main] ERROR e.s.exception.RestExceptionHandler - Not Found Exception No order with ID 250 was found
13:55:47.501 [main] ERROR e.s.exception.RestExceptionHandler - AccessDeniedException occured. Access Denied
13:55:47.514 [main] ERROR e.s.exception.RestExceptionHandler - Invalid filter key exception Invalid filter key: firstNamee
13:55:47.526 [main] ERROR e.s.exception.RestExceptionHandler - Not Found Exception No order with  ID 500000 was found
13:55:47.558 [main] ERROR e.s.exception.RestExceptionHandler - InsufficientFundsException.Insufficient funds. The account does not have enough funds to process this order.
13:55:47.569 [main] ERROR e.s.exception.RestExceptionHandler - AccessDeniedException occured. Access Denied
13:55:47.680 [main] ERROR e.s.exception.RestExceptionHandler - Bad Request Exception Start DateTime cannot be later than end DateTime
13:55:47.698 [main] INFO  e.s.c.CredentialsControllerTest - Starting CredentialsControllerTest using Java 17.0.6 with PID 47815 (started by user in /home/user/IdeaProjects/SENLA-courses)
13:55:47.699 [main] INFO  e.s.c.CredentialsControllerTest - No active profile set, falling back to 1 default profile: "default"
13:55:48.151 [main] INFO  e.s.c.CredentialsControllerTest - Started CredentialsControllerTest in 0.462 seconds (process running for 13.572)
13:55:48.169 [main] ERROR e.s.exception.RestExceptionHandler - AccessDeniedException occured. Access Denied
13:55:48.221 [main] ERROR e.s.exception.RestExceptionHandler - AccessDeniedException occured. Access Denied
13:55:48.250 [main] ERROR e.s.exception.RestExceptionHandler - AccessDeniedException occured. Access Denied
13:55:48.266 [main] ERROR e.s.exception.RestExceptionHandler - AccessDeniedException occured. Access Denied
13:55:48.319 [main] INFO  e.s.controller.AccountControllerTest - Starting AccountControllerTest using Java 17.0.6 with PID 47815 (started by user in /home/user/IdeaProjects/SENLA-courses)
13:55:48.319 [main] INFO  e.s.controller.AccountControllerTest - No active profile set, falling back to 1 default profile: "default"
13:55:48.690 [main] INFO  e.s.controller.AccountControllerTest - Started AccountControllerTest in 0.38 seconds (process running for 14.111)
13:55:48.738 [main] ERROR e.s.exception.RestExceptionHandler - Invalid filter key exception Invalid filter key: firstNamee
13:55:48.839 [main] ERROR e.s.exception.RestExceptionHandler - AccessDeniedException occured. Access Denied
13:55:48.849 [main] ERROR e.s.exception.RestExceptionHandler - AccessDeniedException occured. Access Denied
13:55:49.184 [main] ERROR e.s.exception.RestExceptionHandler - Not Found Exception No account with ID 500000 was found
13:55:49.195 [main] ERROR e.s.exception.RestExceptionHandler - AccessDeniedException occured. Access Denied
13:55:49.206 [main] ERROR e.s.exception.RestExceptionHandler - Not Found Exception No account with ID 1000000 was found
13:55:49.214 [main] ERROR e.s.exception.RestExceptionHandler - AccessDeniedException occured. Access Denied
